0 info it worked if it ends with ok
1 verbose cli [ '/Users/michaell/.sprinter/zillow/features/node/bin/node',
1 verbose cli   '/Users/michaell/.sprinter/zillow/bin/npm',
1 verbose cli   'install',
1 verbose cli   'package.json' ]
2 info using npm@3.10.10
3 info using node@v6.9.4
4 silly loadCurrentTree Starting
5 silly install loadCurrentTree
6 silly install readLocalPackageData
7 silly fetchPackageMetaData package.json
8 silly fetchOtherPackageData package.json
9 silly cache add args [ 'package.json', null ]
10 verbose cache add spec package.json
11 silly cache add parsed spec Result {
11 silly cache add   raw: 'package.json',
11 silly cache add   scope: null,
11 silly cache add   escapedName: 'package.json',
11 silly cache add   name: null,
11 silly cache add   rawSpec: 'package.json',
11 silly cache add   spec: '/Users/michaell/Dropbox/chatt/startbootstrap-new-age-gh-pages/package.json',
11 silly cache add   type: 'local' }
12 silly addLocalTarball shasum (computed) 1ec8a6ccf5bdb0eee1cf85c1faeca7fef79e6ad4
13 verbose addTmpTarball /Users/michaell/Dropbox/chatt/startbootstrap-new-age-gh-pages/package.json not in flight; adding
14 verbose correctMkdir /Users/michaell/.npm correctMkdir not in flight; initializing
15 verbose addTmpTarball validating metadata from /Users/michaell/Dropbox/chatt/startbootstrap-new-age-gh-pages/package.json
16 verbose tar unpack /Users/michaell/Dropbox/chatt/startbootstrap-new-age-gh-pages/package.json
17 verbose tar unpacking to /var/folders/d0/_tlnltgx4cl4lc91424s5dl80000gp/T/npm-40616-782f6c86/unpack-cef6ede8
18 silly gentlyRm /var/folders/d0/_tlnltgx4cl4lc91424s5dl80000gp/T/npm-40616-782f6c86/unpack-cef6ede8 is being purged
19 verbose gentlyRm don't care about contents; nuking /var/folders/d0/_tlnltgx4cl4lc91424s5dl80000gp/T/npm-40616-782f6c86/unpack-cef6ede8
20 silly gunzTarPerm modes [ '755', '644' ]
21 error not a package /Users/michaell/Dropbox/chatt/startbootstrap-new-age-gh-pages/package.json
22 error addLocal Could not install /Users/michaell/Dropbox/chatt/startbootstrap-new-age-gh-pages/package.json
23 silly fetchPackageMetaData Error: ENOENT: no such file or directory, open '/var/folders/d0/_tlnltgx4cl4lc91424s5dl80000gp/T/npm-40616-782f6c86/unpack-cef6ede8/package.json'
23 silly fetchPackageMetaData     at Error (native)
23 silly fetchPackageMetaData  error for package.json { Error: ENOENT: no such file or directory, open '/var/folders/d0/_tlnltgx4cl4lc91424s5dl80000gp/T/npm-40616-782f6c86/unpack-cef6ede8/package.json'
23 silly fetchPackageMetaData     at Error (native)
23 silly fetchPackageMetaData   errno: -2,
23 silly fetchPackageMetaData   code: 'ENOENT',
23 silly fetchPackageMetaData   syscall: 'open',
23 silly fetchPackageMetaData   path: '/var/folders/d0/_tlnltgx4cl4lc91424s5dl80000gp/T/npm-40616-782f6c86/unpack-cef6ede8/package.json' }
24 silly rollbackFailedOptional Starting
25 silly rollbackFailedOptional Finishing
26 silly runTopLevelLifecycles Finishing
27 silly install printInstalled
28 verbose stack Error: ENOENT: no such file or directory, open '/var/folders/d0/_tlnltgx4cl4lc91424s5dl80000gp/T/npm-40616-782f6c86/unpack-cef6ede8/package.json'
28 verbose stack     at Error (native)
29 verbose cwd /Users/michaell/Dropbox/chatt/startbootstrap-new-age-gh-pages
30 error Darwin 15.6.0
31 error argv "/Users/michaell/.sprinter/zillow/features/node/bin/node" "/Users/michaell/.sprinter/zillow/bin/npm" "install" "package.json"
32 error node v6.9.4
33 error npm  v3.10.10
34 error path /var/folders/d0/_tlnltgx4cl4lc91424s5dl80000gp/T/npm-40616-782f6c86/unpack-cef6ede8/package.json
35 error code ENOENT
36 error errno -2
37 error syscall open
38 error enoent ENOENT: no such file or directory, open '/var/folders/d0/_tlnltgx4cl4lc91424s5dl80000gp/T/npm-40616-782f6c86/unpack-cef6ede8/package.json'
39 error enoent ENOENT: no such file or directory, open '/var/folders/d0/_tlnltgx4cl4lc91424s5dl80000gp/T/npm-40616-782f6c86/unpack-cef6ede8/package.json'
39 error enoent This is most likely not a problem with npm itself
39 error enoent and is related to npm not being able to find a file.
40 verbose exit [ -2, true ]
